2017-12-31 15:12:07.246 [main] ERROR MongoseIniter - MongoError: failed to connect to server [dbmongo:27017] on first connect [MongoError: getaddrinfo ENOTFOUND dbmongo dbmongo:27017]
2017-12-31 15:12:07.250 [main] ERROR server - Error: ENOENT: no such file or directory, open '/Users/jsen/Documents/GitProjects/POJ/DeliverWater/Server/DeliverUser/runtime/lock'
2017-12-31 15:12:07.251 [main] ERROR server - Error: ENOENT: no such file or directory, open '/Users/jsen/Documents/GitProjects/POJ/DeliverWater/Server/DeliverUser/runtime/lock'
2017-12-31 15:12:08.116 [main] ERROR MongoseIniter - [object Object]
2017-12-31 15:12:08.118 [main] ERROR server - [object Object]
2017-12-31 15:12:08.118 [main] ERROR server - Error: ENOENT: no such file or directory, open '/Users/jsen/Documents/GitProjects/POJ/DeliverWater/Server/DeliverUser/runtime/lock'
2017-12-31 15:12:08.120 [main] INFO server - 服务器端口：7084
2017-12-31 15:12:08.142 [main] INFO Task - register succeed at time:Sun Dec 31 2017 15:19:08 GMT+0800 (CST)
2017-12-31 15:12:08.154 [main] ERROR MongoseIniter - [object Object]
2017-12-31 15:12:08.155 [main] ERROR MongoseIniter - [object Object]
2017-12-31 15:12:08.157 [main] ERROR server - [object Object]
2017-12-31 15:12:08.157 [main] ERROR server - Error: ENOENT: no such file or directory, open '/Users/jsen/Documents/GitProjects/POJ/DeliverWater/Server/DeliverUser/runtime/lock'
2017-12-31 15:12:08.156 [main] ERROR MongoseIniter - [object Object]
2017-12-31 15:12:08.158 [main] ERROR server - [object Object]
2017-12-31 15:12:08.159 [main] ERROR server - Error: ENOENT: no such file or directory, open '/Users/jsen/Documents/GitProjects/POJ/DeliverWater/Server/DeliverUser/runtime/lock'
2017-12-31 15:12:08.159 [main] ERROR server - [object Object]
2017-12-31 15:12:08.159 [main] ERROR server - Error: ENOENT: no such file or directory, open '/Users/jsen/Documents/GitProjects/POJ/DeliverWater/Server/DeliverUser/runtime/lock'
2017-12-31 15:12:08.159 [main] INFO server - 服务器端口：7084
2017-12-31 15:12:08.161 [main] INFO server - 服务器端口：7084
2017-12-31 15:12:08.162 [main] INFO server - 服务器端口：7084
2017-12-31 15:12:08.163 [main] ERROR MongoseIniter - [object Object]
2017-12-31 15:12:08.165 [main] ERROR server - [object Object]
2017-12-31 15:12:08.165 [main] ERROR server - Error: ENOENT: no such file or directory, open '/Users/jsen/Documents/GitProjects/POJ/DeliverWater/Server/DeliverUser/runtime/lock'
2017-12-31 15:12:08.167 [main] INFO server - 服务器端口：7084
2017-12-31 15:12:08.172 [main] ERROR MongoseIniter - [object Object]
2017-12-31 15:12:08.174 [main] ERROR server - [object Object]
2017-12-31 15:12:08.174 [main] ERROR server - Error: ENOENT: no such file or directory, open '/Users/jsen/Documents/GitProjects/POJ/DeliverWater/Server/DeliverUser/runtime/lock'
2017-12-31 15:12:08.176 [main] INFO server - 服务器端口：7084
2017-12-31 15:12:08.186 [main] ERROR MongoseIniter - [object Object]
2017-12-31 15:12:08.188 [main] ERROR server - [object Object]
2017-12-31 15:12:08.188 [main] ERROR server - Error: ENOENT: no such file or directory, open '/Users/jsen/Documents/GitProjects/POJ/DeliverWater/Server/DeliverUser/runtime/lock'
2017-12-31 15:12:08.190 [main] INFO server - 服务器端口：7084
2017-12-31 15:12:08.193 [main] ERROR MongoseIniter - [object Object]
2017-12-31 15:12:08.196 [main] ERROR server - [object Object]
2017-12-31 15:12:08.196 [main] ERROR server - Error: ENOENT: no such file or directory, open '/Users/jsen/Documents/GitProjects/POJ/DeliverWater/Server/DeliverUser/runtime/lock'
2017-12-31 15:12:08.198 [main] INFO server - 服务器端口：7084
2017-12-31 15:12:09.147 [main] INFO Task - register succeed at time:Sun Dec 31 2017 15:19:09 GMT+0800 (CST)
2017-12-31 15:12:09.148 [main] INFO Task - register succeed at time:Sun Dec 31 2017 15:19:09 GMT+0800 (CST)
2017-12-31 15:12:09.151 [main] INFO Task - register succeed at time:Sun Dec 31 2017 15:19:09 GMT+0800 (CST)
2017-12-31 15:12:09.151 [main] INFO Task - register succeed at time:Sun Dec 31 2017 15:19:09 GMT+0800 (CST)
2017-12-31 15:12:09.155 [main] INFO Task - register succeed at time:Sun Dec 31 2017 15:19:09 GMT+0800 (CST)
2017-12-31 15:12:09.155 [main] INFO Task - register succeed at time:Sun Dec 31 2017 15:19:09 GMT+0800 (CST)
2017-12-31 15:12:09.156 [main] INFO Task - register succeed at time:Sun Dec 31 2017 15:19:09 GMT+0800 (CST)
2017-12-31 15:12:09.157 [main] INFO Task - register succeed at time:Sun Dec 31 2017 15:19:09 GMT+0800 (CST)
